<?xml version="1.0" encoding="UTF-8"?>
<!-- Generated by org.testng.reporters.JUnitReportReporter -->
<testsuite skipped="0" hostname="Lenovo-PC" name="Tests.MainTest" tests="1" failures="0" timestamp="04 Jun 2019 16:38:36 GMT" time="137.456" errors="0">
  <testcase name="runTestsFromExcel" time="137.456" classname="Tests.MainTest"/>
</testsuite> <!-- Tests.MainTest -->
